<?xml version="1.0" encoding="UTF-8"?>
<!-- Generated by org.testng.reporters.JUnitReportReporter -->
<testsuite hostname="Cnu" name="com.DataDriven.NewTours_NewUserRegistation" tests="2" failures="0" timestamp="12 Nov 2018 14:55:02 GMT" time="9.225" errors="0">
  <testcase name="userRegistration" time="8.539" classname="com.DataDriven.NewTours_NewUserRegistation"/>
  <testcase name="register" time="0.686" classname="com.DataDriven.NewTours_NewUserRegistation"/>
</testsuite> <!-- com.DataDriven.NewTours_NewUserRegistation -->
