<?xml version="1.0" encoding="UTF-8"?>
<!-- Generated by org.testng.reporters.JUnitReportReporter -->
<testsuite hostname="Cnu" name="com.Annotations.Annotations3" tests="2" failures="0" timestamp="2 Nov 2018 15:12:24 GMT" time="0.020" errors="0">
  <testcase name="composeMail" time="0.012" classname="com.Annotations.Annotations3"/>
  <testcase name="inBox" time="0.008" classname="com.Annotations.Annotations3"/>
</testsuite> <!-- com.Annotations.Annotations3 -->
