<?xml version="1.0" encoding="UTF-8"?>
<!-- Generated by org.testng.reporters.JUnitReportReporter -->
<testsuite hostname="Cnu" name="com.Hybrid.NewTours_LogInTest" tests="1" failures="0" timestamp="14 Nov 2018 15:23:46 GMT" time="14.770" errors="0">
  <testcase name="logIn" time="14.770" classname="com.Hybrid.NewTours_LogInTest"/>
</testsuite> <!-- com.Hybrid.NewTours_LogInTest -->
