<?xml version="1.0" encoding="UTF-8"?>
<!-- Generated by org.testng.reporters.JUnitReportReporter -->
<testsuite hostname="Cnu" name="com.KeyWord.NewTours_LogInTest" tests="1" failures="0" timestamp="14 Nov 2018 15:02:43 GMT" time="7.999" errors="0">
  <testcase name="logIn" time="7.999" classname="com.KeyWord.NewTours_LogInTest"/>
</testsuite> <!-- com.KeyWord.NewTours_LogInTest -->
