<?xml version="1.0" encoding="UTF-8"?>
<!-- Generated by org.testng.reporters.JUnitReportReporter -->
<testsuite hostname="Cnu" name="com.GRID.NewTours_LogInTest" tests="2" failures="0" timestamp="21 Nov 2018 15:24:24 GMT" time="169.425" errors="0">
  <testcase name="logIn" time="85.179" classname="com.GRID.NewTours_LogInTest"/>
  <testcase name="logIn" time="84.246" classname="com.GRID.NewTours_LogInTest"/>
</testsuite> <!-- com.GRID.NewTours_LogInTest -->
