<?xml version="1.0" encoding="UTF-8"?>
<!-- Generated by org.testng.reporters.JUnitReportReporter -->
<testsuite hostname="Cnu" name="com.Annotations.Annotations1" tests="4" failures="0" timestamp="2 Nov 2018 15:04:20 GMT" time="0.050" errors="0">
  <testcase name="logIn" time="0.006" classname="com.Annotations.Annotations1"/>
  <testcase name="composeMail" time="0.010" classname="com.Annotations.Annotations1"/>
  <testcase name="gmailApplicationLaunch" time="0.009" classname="com.Annotations.Annotations1"/>
  <testcase name="browserLaunch" time="0.025" classname="com.Annotations.Annotations1"/>
</testsuite> <!-- com.Annotations.Annotations1 -->
