<?xml version="1.0" encoding="UTF-8"?>
<!-- Generated by org.testng.reporters.JUnitReportReporter -->
<testsuite hostname="Cnu" name="com.Annotations.Annotations2" tests="2" failures="0" timestamp="2 Nov 2018 15:10:22 GMT" time="0.011" errors="0">
  <testcase name="composeMail" time="0.003" classname="com.Annotations.Annotations2"/>
  <testcase name="inBox" time="0.008" classname="com.Annotations.Annotations2"/>
</testsuite> <!-- com.Annotations.Annotations2 -->
